# JRE version: Java(TM) SE Runtime Environment (8.0_221-b11) (build 1.8.0_221-b11)
# Java VM: Java HotSpot(TM) 64-Bit Server VM (25.221-b11 mixed mode linux-amd64 compressed oops)
Heap:
 PSYoungGen      total 646144K, used 57412K [0x000000076c980000, 0x000000079a500000, 0x00000007c0000000)
  eden space 543232K, 0% used [0x000000076c980000,0x000000076c980000,0x000000078dc00000)
  from space 102912K, 55% used [0x000000078dc00000,0x0000000791411270,0x0000000794080000)
  to   space 90112K, 0% used [0x0000000794d00000,0x0000000794d00000,0x000000079a500000)
 ParOldGen       total 282624K, used 197927K [0x00000006c5c00000, 0x00000006d7000000, 0x000000076c980000)
  object space 282624K, 70% used [0x00000006c5c00000,0x00000006d1d49ee0,0x00000006d7000000)
 Metaspace       used 28454K, capacity 29274K, committed 29440K, reserved 1075200K
  class space    used 3232K, capacity 3464K, committed 3584K, reserved 1048576K
GC Heap History (10 events):
Event: 57,434 GC heap after
Heap after GC invocations=14 (full 2):
 PSYoungGen      total 417280K, used 61764K [0x000000076c980000, 0x000000078f880000, 0x00000007c0000000)
  eden space 320000K, 0% used [0x000000076c980000,0x000000076c980000,0x0000000780200000)
  from space 97280K, 63% used [0x0000000786400000,0x000000078a0511f0,0x000000078c300000)
  to   space 100352K, 0% used [0x0000000780200000,0x0000000780200000,0x0000000786400000)
 ParOldGen       total 282624K, used 194696K [0x00000006c5c00000, 0x00000006d7000000, 0x000000076c980000)
  object space 282624K, 68% used [0x00000006c5c00000,0x00000006d1a222b0,0x00000006d7000000)
 Metaspace       used 27928K, capacity 28768K, committed 29056K, reserved 1075200K
  class space    used 3185K, capacity 3417K, committed 3456K, reserved 1048576K
}
Event: 59,016 GC heap before
{Heap before GC invocations=15 (full 2):
 PSYoungGen      total 417280K, used 381764K [0x000000076c980000, 0x000000078f880000, 0x00000007c0000000)
  eden space 320000K, 100% used [0x000000076c980000,0x0000000780200000,0x0000000780200000)
  from space 97280K, 63% used [0x0000000786400000,0x000000078a0511f0,0x000000078c300000)
  to   space 100352K, 0% used [0x0000000780200000,0x0000000780200000,0x0000000786400000)
 ParOldGen       total 282624K, used 194696K [0x00000006c5c00000, 0x00000006d7000000, 0x000000076c980000)
  object space 282624K, 68% used [0x00000006c5c00000,0x00000006d1a222b0,0x00000006d7000000)
 Metaspace       used 27929K, capacity 28768K, committed 29056K, reserved 1075200K
  class space    used 3185K, capacity 3417K, committed 3456K, reserved 1048576K
Event: 59,164 GC heap after
Heap after GC invocations=15 (full 2):
 PSYoungGen      total 420352K, used 54308K [0x000000076c980000, 0x0000000793700000, 0x00000007c0000000)
  eden space 320000K, 0% used [0x000000076c980000,0x000000076c980000,0x0000000780200000)
  from space 100352K, 54% used [0x0000000780200000,0x0000000783709000,0x0000000786400000)
  to   space 99840K, 0% used [0x000000078d580000,0x000000078d580000,0x0000000793700000)
 ParOldGen       total 282624K, used 197463K [0x00000006c5c00000, 0x00000006d7000000, 0x000000076c980000)
  object space 282624K, 69% used [0x00000006c5c00000,0x00000006d1cd5ed0,0x00000006d7000000)
 Metaspace       used 27929K, capacity 28768K, committed 29056K, reserved 1075200K
  class space    used 3185K, capacity 3417K, committed 3456K, reserved 1048576K
}
Event: 67,896 GC heap before
{Heap before GC invocations=16 (full 2):
 PSYoungGen      total 420352K, used 374221K [0x000000076c980000, 0x0000000793700000, 0x00000007c0000000)
  eden space 320000K, 99% used [0x000000076c980000,0x00000007801ea420,0x0000000780200000)
  from space 100352K, 54% used [0x0000000780200000,0x0000000783709000,0x0000000786400000)
  to   space 99840K, 0% used [0x000000078d580000,0x000000078d580000,0x0000000793700000)
 ParOldGen       total 282624K, used 197463K [0x00000006c5c00000, 0x00000006d7000000, 0x000000076c980000)
  object space 282624K, 69% used [0x00000006c5c00000,0x00000006d1cd5ed0,0x00000006d7000000)
 Metaspace       used 27929K, capacity 28768K, committed 29056K, reserved 1075200K
  class space    used 3185K, capacity 3417K, committed 3456K, reserved 1048576K
Event: 68,049 GC heap after
Heap after GC invocations=16 (full 2):
 PSYoungGen      total 509952K, used 49827K [0x000000076c980000, 0x0000000792780000, 0x00000007c0000000)
  eden space 425984K, 0% used [0x000000076c980000,0x000000076c980000,0x0000000786980000)
  from space 83968K, 59% used [0x000000078d580000,0x0000000790628ea0,0x0000000792780000)
  to   space 97280K, 0% used [0x0000000786980000,0x0000000786980000,0x000000078c880000)
 ParOldGen       total 282624K, used 197487K [0x00000006c5c00000, 0x00000006d7000000, 0x000000076c980000)
  object space 282624K, 69% used [0x00000006c5c00000,0x00000006d1cdbed0,0x00000006d7000000)
 Metaspace       used 27929K, capacity 28768K, committed 29056K, reserved 1075200K
  class space    used 3185K, capacity 3417K, committed 3456K, reserved 1048576K
}
Event: 73,841 GC heap before
{Heap before GC invocations=17 (full 2):
 PSYoungGen      total 509952K, used 475811K [0x000000076c980000, 0x0000000792780000, 0x00000007c0000000)
  eden space 425984K, 100% used [0x000000076c980000,0x0000000786980000,0x0000000786980000)
  from space 83968K, 59% used [0x000000078d580000,0x0000000790628ea0,0x0000000792780000)
  to   space 97280K, 0% used [0x0000000786980000,0x0000000786980000,0x000000078c880000)
 ParOldGen       total 282624K, used 197487K [0x00000006c5c00000, 0x00000006d7000000, 0x000000076c980000)
  object space 282624K, 69% used [0x00000006c5c00000,0x00000006d1cdbed0,0x00000006d7000000)
 Metaspace       used 28315K, capacity 29146K, committed 29440K, reserved 1075200K
  class space    used 3224K, capacity 3464K, committed 3584K, reserved 1048576K
Event: 74,066 GC heap after
Heap after GC invocations=17 (full 2):
 PSYoungGen      total 523264K, used 67724K [0x000000076c980000, 0x000000079b000000, 0x00000007c0000000)
  eden space 425984K, 0% used [0x000000076c980000,0x000000076c980000,0x0000000786980000)
  from space 97280K, 69% used [0x0000000786980000,0x000000078aba3130,0x000000078c880000)
  to   space 101376K, 0% used [0x0000000794d00000,0x0000000794d00000,0x000000079b000000)
 ParOldGen       total 282624K, used 197495K [0x00000006c5c00000, 0x00000006d7000000, 0x000000076c980000)
  object space 282624K, 69% used [0x00000006c5c00000,0x00000006d1cdded0,0x00000006d7000000)
 Metaspace       used 28315K, capacity 29146K, committed 29440K, reserved 1075200K
  class space    used 3224K, capacity 3464K, committed 3584K, reserved 1048576K
}
Event: 77,977 GC heap before
{Heap before GC invocations=18 (full 2):
 PSYoungGen      total 523264K, used 493708K [0x000000076c980000, 0x000000079b000000, 0x00000007c0000000)
  eden space 425984K, 100% used [0x000000076c980000,0x0000000786980000,0x0000000786980000)
  from space 97280K, 69% used [0x0000000786980000,0x000000078aba3130,0x000000078c880000)
  to   space 101376K, 0% used [0x0000000794d00000,0x0000000794d00000,0x000000079b000000)
 ParOldGen       total 282624K, used 197495K [0x00000006c5c00000, 0x00000006d7000000, 0x000000076c980000)
  object space 282624K, 69% used [0x00000006c5c00000,0x00000006d1cdded0,0x00000006d7000000)
 Metaspace       used 28379K, capacity 29210K, committed 29440K, reserved 1075200K
  class space    used 3232K, capacity 3464K, committed 3584K, reserved 1048576K
Event: 78,033 GC heap after
Heap after GC invocations=18 (full 2):
 PSYoungGen      total 633344K, used 2515K [0x000000076c980000, 0x000000079a500000, 0x00000007c0000000)
  eden space 543232K, 0% used [0x000000076c980000,0x000000076c980000,0x000000078dc00000)
  from space 90112K, 2% used [0x0000000794d00000,0x0000000794f74c28,0x000000079a500000)
  to   space 102912K, 0% used [0x000000078dc00000,0x000000078dc00000,0x0000000794080000)
 ParOldGen       total 282624K, used 197927K [0x00000006c5c00000, 0x00000006d7000000, 0x000000076c980000)
  object space 282624K, 70% used [0x00000006c5c00000,0x00000006d1d49ee0,0x00000006d7000000)
 Metaspace       used 28379K, capacity 29210K, committed 29440K, reserved 1075200K
  class space    used 3232K, capacity 3464K, committed 3584K, reserved 1048576K
}
Event: 85,644 GC heap before
{Heap before GC invocations=19 (full 2):
 PSYoungGen      total 633344K, used 545747K [0x000000076c980000, 0x000000079a500000, 0x00000007c0000000)
  eden space 543232K, 100% used [0x000000076c980000,0x000000078dc00000,0x000000078dc00000)
  from space 90112K, 2% used [0x0000000794d00000,0x0000000794f74c28,0x000000079a500000)
  to   space 102912K, 0% used [0x000000078dc00000,0x000000078dc00000,0x0000000794080000)
 ParOldGen       total 282624K, used 197927K [0x00000006c5c00000, 0x00000006d7000000, 0x000000076c980000)
  object space 282624K, 70% used [0x00000006c5c00000,0x00000006d1d49ee0,0x00000006d7000000)
 Metaspace       used 28454K, capacity 29274K, committed 29440K, reserved 1075200K
  class space    used 3232K, capacity 3464K, committed 3584K, reserved 1048576K

