# JRE version: Java(TM) SE Runtime Environment (8.0_221-b11) (build 1.8.0_221-b11)
# Java VM: Java HotSpot(TM) 64-Bit Server VM (25.221-b11 mixed mode linux-amd64 compressed oops)
Heap:
 PSYoungGen      total 429056K, used 45491K [0x000000076c980000, 0x000000078c100000, 0x00000007c0000000)
  eden space 342528K, 0% used [0x000000076c980000,0x000000076c980000,0x0000000781800000)
  from space 86528K, 52% used [0x0000000781800000,0x000000078446cdd0,0x0000000786c80000)
  to   space 79360K, 0% used [0x0000000787380000,0x0000000787380000,0x000000078c100000)
 ParOldGen       total 253440K, used 159331K [0x00000006c5c00000, 0x00000006d5380000, 0x000000076c980000)
  object space 253440K, 62% used [0x00000006c5c00000,0x00000006cf798f50,0x00000006d5380000)
 Metaspace       used 28340K, capacity 29146K, committed 29440K, reserved 1075200K
  class space    used 3224K, capacity 3464K, committed 3584K, reserved 1048576K
GC Heap History (10 events):
Event: 59,698 GC heap after
Heap after GC invocations=16 (full 2):
 PSYoungGen      total 323072K, used 30946K [0x000000076c980000, 0x0000000785280000, 0x00000007c0000000)
  eden space 245248K, 0% used [0x000000076c980000,0x000000076c980000,0x000000077b900000)
  from space 77824K, 39% used [0x0000000780080000,0x0000000781eb8920,0x0000000784c80000)
  to   space 73216K, 0% used [0x000000077b900000,0x000000077b900000,0x0000000780080000)
 ParOldGen       total 253440K, used 158627K [0x00000006c5c00000, 0x00000006d5380000, 0x000000076c980000)
  object space 253440K, 62% used [0x00000006c5c00000,0x00000006cf6e8f50,0x00000006d5380000)
 Metaspace       used 27959K, capacity 28768K, committed 29056K, reserved 1075200K
  class space    used 3185K, capacity 3417K, committed 3456K, reserved 1048576K
}
Event: 66,779 GC heap before
{Heap before GC invocations=17 (full 2):
 PSYoungGen      total 323072K, used 276194K [0x000000076c980000, 0x0000000785280000, 0x00000007c0000000)
  eden space 245248K, 100% used [0x000000076c980000,0x000000077b900000,0x000000077b900000)
  from space 77824K, 39% used [0x0000000780080000,0x0000000781eb8920,0x0000000784c80000)
  to   space 73216K, 0% used [0x000000077b900000,0x000000077b900000,0x0000000780080000)
 ParOldGen       total 253440K, used 158627K [0x00000006c5c00000, 0x00000006d5380000, 0x000000076c980000)
  object space 253440K, 62% used [0x00000006c5c00000,0x00000006cf6e8f50,0x00000006d5380000)
 Metaspace       used 27960K, capacity 28768K, committed 29056K, reserved 1075200K
  class space    used 3186K, capacity 3417K, committed 3456K, reserved 1048576K
Event: 66,792 GC heap after
Heap after GC invocations=17 (full 2):
 PSYoungGen      total 318464K, used 7232K [0x000000076c980000, 0x0000000788300000, 0x00000007c0000000)
  eden space 245248K, 0% used [0x000000076c980000,0x000000076c980000,0x000000077b900000)
  from space 73216K, 9% used [0x000000077b900000,0x000000077c0101c0,0x0000000780080000)
  to   space 73216K, 0% used [0x0000000783b80000,0x0000000783b80000,0x0000000788300000)
 ParOldGen       total 253440K, used 159315K [0x00000006c5c00000, 0x00000006d5380000, 0x000000076c980000)
  object space 253440K, 62% used [0x00000006c5c00000,0x00000006cf794f50,0x00000006d5380000)
 Metaspace       used 27960K, capacity 28768K, committed 29056K, reserved 1075200K
  class space    used 3186K, capacity 3417K, committed 3456K, reserved 1048576K
}
Event: 69,416 GC heap before
{Heap before GC invocations=18 (full 2):
 PSYoungGen      total 318464K, used 252480K [0x000000076c980000, 0x0000000788300000, 0x00000007c0000000)
  eden space 245248K, 100% used [0x000000076c980000,0x000000077b900000,0x000000077b900000)
  from space 73216K, 9% used [0x000000077b900000,0x000000077c0101c0,0x0000000780080000)
  to   space 73216K, 0% used [0x0000000783b80000,0x0000000783b80000,0x0000000788300000)
 ParOldGen       total 253440K, used 159315K [0x00000006c5c00000, 0x00000006d5380000, 0x000000076c980000)
  object space 253440K, 62% used [0x00000006c5c00000,0x00000006cf794f50,0x00000006d5380000)
 Metaspace       used 27960K, capacity 28768K, committed 29056K, reserved 1075200K
  class space    used 3186K, capacity 3417K, committed 3456K, reserved 1048576K
Event: 69,766 GC heap after
Heap after GC invocations=18 (full 2):
 PSYoungGen      total 368128K, used 69365K [0x000000076c980000, 0x0000000789e00000, 0x00000007c0000000)
  eden space 294912K, 0% used [0x000000076c980000,0x000000076c980000,0x000000077e980000)
  from space 73216K, 94% used [0x0000000783b80000,0x0000000787f3d570,0x0000000788300000)
  to   space 83968K, 0% used [0x000000077e980000,0x000000077e980000,0x0000000783b80000)
 ParOldGen       total 253440K, used 159315K [0x00000006c5c00000, 0x00000006d5380000, 0x000000076c980000)
  object space 253440K, 62% used [0x00000006c5c00000,0x00000006cf794f50,0x00000006d5380000)
 Metaspace       used 27960K, capacity 28768K, committed 29056K, reserved 1075200K
  class space    used 3186K, capacity 3417K, committed 3456K, reserved 1048576K
}
Event: 73,503 GC heap before
{Heap before GC invocations=19 (full 2):
 PSYoungGen      total 368128K, used 364277K [0x000000076c980000, 0x0000000789e00000, 0x00000007c0000000)
  eden space 294912K, 100% used [0x000000076c980000,0x000000077e980000,0x000000077e980000)
  from space 73216K, 94% used [0x0000000783b80000,0x0000000787f3d570,0x0000000788300000)
  to   space 83968K, 0% used [0x000000077e980000,0x000000077e980000,0x0000000783b80000)
 ParOldGen       total 253440K, used 159315K [0x00000006c5c00000, 0x00000006d5380000, 0x000000076c980000)
  object space 253440K, 62% used [0x00000006c5c00000,0x00000006cf794f50,0x00000006d5380000)
 Metaspace       used 27961K, capacity 28768K, committed 29056K, reserved 1075200K
  class space    used 3186K, capacity 3417K, committed 3456K, reserved 1048576K
Event: 73,778 GC heap after
Heap after GC invocations=19 (full 2):
 PSYoungGen      total 378880K, used 59028K [0x000000076c980000, 0x000000078ca00000, 0x00000007c0000000)
  eden space 294912K, 0% used [0x000000076c980000,0x000000076c980000,0x000000077e980000)
  from space 83968K, 70% used [0x000000077e980000,0x0000000782325230,0x0000000783b80000)
  to   space 88576K, 0% used [0x0000000787380000,0x0000000787380000,0x000000078ca00000)
 ParOldGen       total 253440K, used 159315K [0x00000006c5c00000, 0x00000006d5380000, 0x000000076c980000)
  object space 253440K, 62% used [0x00000006c5c00000,0x00000006cf794f50,0x00000006d5380000)
 Metaspace       used 27961K, capacity 28768K, committed 29056K, reserved 1075200K
  class space    used 3186K, capacity 3417K, committed 3456K, reserved 1048576K
}
Event: 77,792 GC heap before
{Heap before GC invocations=20 (full 2):
 PSYoungGen      total 378880K, used 353940K [0x000000076c980000, 0x000000078ca00000, 0x00000007c0000000)
  eden space 294912K, 100% used [0x000000076c980000,0x000000077e980000,0x000000077e980000)
  from space 83968K, 70% used [0x000000077e980000,0x0000000782325230,0x0000000783b80000)
  to   space 88576K, 0% used [0x0000000787380000,0x0000000787380000,0x000000078ca00000)
 ParOldGen       total 253440K, used 159315K [0x00000006c5c00000, 0x00000006d5380000, 0x000000076c980000)
  object space 253440K, 62% used [0x00000006c5c00000,0x00000006cf794f50,0x00000006d5380000)
 Metaspace       used 28340K, capacity 29146K, committed 29440K, reserved 1075200K
  class space    used 3224K, capacity 3464K, committed 3584K, reserved 1048576K
Event: 77,909 GC heap after
Heap after GC invocations=20 (full 2):
 PSYoungGen      total 421888K, used 44298K [0x000000076c980000, 0x000000078c100000, 0x00000007c0000000)
  eden space 342528K, 0% used [0x000000076c980000,0x000000076c980000,0x0000000781800000)
  from space 79360K, 55% used [0x0000000787380000,0x0000000789ec2a10,0x000000078c100000)
  to   space 86528K, 0% used [0x0000000781800000,0x0000000781800000,0x0000000786c80000)
 ParOldGen       total 253440K, used 159323K [0x00000006c5c00000, 0x00000006d5380000, 0x000000076c980000)
  object space 253440K, 62% used [0x00000006c5c00000,0x00000006cf796f50,0x00000006d5380000)
 Metaspace       used 28340K, capacity 29146K, committed 29440K, reserved 1075200K
  class space    used 3224K, capacity 3464K, committed 3584K, reserved 1048576K
}
Event: 81,530 GC heap before
{Heap before GC invocations=21 (full 2):
 PSYoungGen      total 421888K, used 386826K [0x000000076c980000, 0x000000078c100000, 0x00000007c0000000)
  eden space 342528K, 100% used [0x000000076c980000,0x0000000781800000,0x0000000781800000)
  from space 79360K, 55% used [0x0000000787380000,0x0000000789ec2a10,0x000000078c100000)
  to   space 86528K, 0% used [0x0000000781800000,0x0000000781800000,0x0000000786c80000)
 ParOldGen       total 253440K, used 159323K [0x00000006c5c00000, 0x00000006d5380000, 0x000000076c980000)
  object space 253440K, 62% used [0x00000006c5c00000,0x00000006cf796f50,0x00000006d5380000)
 Metaspace       used 28340K, capacity 29146K, committed 29440K, reserved 1075200K
  class space    used 3224K, capacity 3464K, committed 3584K, reserved 1048576K

